Loading source files for package jimjams.airmonitor...
[parsing started RegularFileObject[.\jimjams\airmonitor\EMAScreenActivity.java]]
[parsing completed 47ms]
[parsing started RegularFileObject[.\jimjams\airmonitor\MainActivity.java]]
[parsing completed 0ms]
Loading source files for package jimjams.airmonitor.database...
[parsing started RegularFileObject[.\jimjams\airmonitor\database\AMDBContract.java]]
[parsing completed 16ms]
[parsing started RegularFileObject[.\jimjams\airmonitor\database\AMDBHelper.java]]
[parsing completed 0ms]
[parsing started RegularFileObject[.\jimjams\airmonitor\database\DBAccess.java]]
[parsing completed 0ms]
Loading source files for package jimjams.airmonitor.datastructure...
[parsing started RegularFileObject[.\jimjams\airmonitor\datastructure\EcologicalMomentaryAssessment.java]]
[parsing completed 15ms]
[parsing started RegularFileObject[.\jimjams\airmonitor\datastructure\ExistingCondition.java]]
[parsing completed 0ms]
[parsing started RegularFileObject[.\jimjams\airmonitor\datastructure\Profile.java]]
[parsing completed 16ms]
[parsing started RegularFileObject[.\jimjams\airmonitor\datastructure\Snapshot.java]]
[parsing completed 0ms]
Loading source files for package jimjams.airmonitor.sensordata...
[parsing started RegularFileObject[.\jimjams\airmonitor\sensordata\SensorData.java]]
[parsing completed 0ms]
[parsing started RegularFileObject[.\jimjams\airmonitor\sensordata\SensorDataGenerator.java]]
[parsing completed 16ms]
Constructing Javadoc information...
.\jimjams\airmonitor\EMAScreenActivity.java:3: error: package android.content does not exist
import android.content.Context;
                      ^
.\jimjams\airmonitor\EMAScreenActivity.java:4: error: package android.content does not exist
import android.content.Intent;
                      ^
.\jimjams\airmonitor\EMAScreenActivity.java:5: error: package android.os does not exist
import android.os.Bundle;
                 ^
.\jimjams\airmonitor\EMAScreenActivity.java:6: error: package android.support.v7.app does not exist
import android.support.v7.app.ActionBarActivity;
                             ^
.\jimjams\airmonitor\EMAScreenActivity.java:7: error: package android.util does not exist
import android.util.Log;
                   ^
.\jimjams\airmonitor\EMAScreenActivity.java:8: error: package android.view does not exist
import android.view.Menu;
                   ^
.\jimjams\airmonitor\EMAScreenActivity.java:9: error: package android.view does not exist
import android.view.MenuItem;
                   ^
.\jimjams\airmonitor\EMAScreenActivity.java:10: error: package android.view does not exist
import android.view.View;
                   ^
.\jimjams\airmonitor\EMAScreenActivity.java:11: error: package android.widget does not exist
import android.widget.Button;
                     ^
.\jimjams\airmonitor\EMAScreenActivity.java:12: error: package android.widget does not exist
import android.widget.EditText;
                     ^
.\jimjams\airmonitor\EMAScreenActivity.java:13: error: package android.widget does not exist
import android.widget.RadioGroup;
                     ^
.\jimjams\airmonitor\EMAScreenActivity.java:14: error: package android.widget does not exist
import android.widget.SeekBar;
                     ^
.\jimjams\airmonitor\EMAScreenActivity.java:15: error: package android.widget does not exist
import android.widget.TableLayout;
                     ^
.\jimjams\airmonitor\EMAScreenActivity.java:16: error: package android.widget does not exist
import android.widget.TableRow;
                     ^
.\jimjams\airmonitor\EMAScreenActivity.java:17: error: package android.widget does not exist
import android.widget.TextView;
                     ^
.\jimjams\airmonitor\EMAScreenActivity.java:31: error: cannot find symbol
public class EMAScreenActivity extends ActionBarActivity {
                                       ^
  symbol: class ActionBarActivity
.\jimjams\airmonitor\EMAScreenActivity.java:39: error: cannot find symbol
   protected void onCreate(Bundle savedInstanceState) {
                           ^
  symbol:   class Bundle
  location: class EMAScreenActivity
.\jimjams\airmonitor\EMAScreenActivity.java:45: error: cannot find symbol
   public boolean onCreateOptionsMenu(Menu menu) {
                                      ^
  symbol:   class Menu
  location: class EMAScreenActivity
.\jimjams\airmonitor\EMAScreenActivity.java:52: error: cannot find symbol
   public boolean onOptionsItemSelected(MenuItem item) {
                                        ^
  symbol:   class MenuItem
  location: class EMAScreenActivity
.\jimjams\airmonitor\EMAScreenActivity.java:71: error: cannot find symbol
   public void on_EMA_Screen_save_button_click(View saveBtn) {
                                               ^
  symbol:   class View
  location: class EMAScreenActivity
.\jimjams\airmonitor\EMAScreenActivity.java:141: error: cannot find symbol
   public void on_EMA_Screen_cancel_button_click(View cancelBtn) {
                                                 ^
  symbol:   class View
  location: class EMAScreenActivity
.\jimjams\airmonitor\EMAScreenActivity.java:150: error: cannot find symbol
   public void on_EMA_Screen_add_button_click(View addBtn) {
                                              ^
  symbol:   class View
  location: class EMAScreenActivity
.\jimjams\airmonitor\EMAScreenActivity.java:195: error: package View does not exist
   private class DeleteButtonListener implements View.OnClickListener {
                                                     ^
.\jimjams\airmonitor\EMAScreenActivity.java:201: error: cannot find symbol
      public void onClick(View v) {
                          ^
  symbol:   class View
  location: class EMAScreenActivity.DeleteButtonListener
.\jimjams\airmonitor\EMAScreenActivity.java:211: error: cannot find symbol
   private class DeleteButton extends Button {
                                      ^
  symbol:   class Button
  location: class EMAScreenActivity
.\jimjams\airmonitor\EMAScreenActivity.java:223: error: cannot find symbol
      DeleteButton(Context context, ExistingCondition condition) {
                   ^
  symbol:   class Context
  location: class EMAScreenActivity.DeleteButton
.\jimjams\airmonitor\MainActivity.java:3: error: package android.content does not exist
import android.content.Intent;
                      ^
.\jimjams\airmonitor\MainActivity.java:4: error: package android.graphics does not exist
import android.graphics.Typeface;
                       ^
.\jimjams\airmonitor\MainActivity.java:5: error: package android.os does not exist
import android.os.Bundle;
                 ^
.\jimjams\airmonitor\MainActivity.java:6: error: package android.support.v7.app does not exist
import android.support.v7.app.ActionBarActivity;
                             ^
.\jimjams\airmonitor\MainActivity.java:7: error: package android.view does not exist
import android.view.Gravity;
                   ^
.\jimjams\airmonitor\MainActivity.java:8: error: package android.view does not exist
import android.view.Menu;
                   ^
.\jimjams\airmonitor\MainActivity.java:9: error: package android.view does not exist
import android.view.MenuItem;
                   ^
.\jimjams\airmonitor\MainActivity.java:10: error: package android.view does not exist
import android.view.View;
                   ^
.\jimjams\airmonitor\MainActivity.java:11: error: package android.widget does not exist
import android.widget.LinearLayout;
                     ^
.\jimjams\airmonitor\MainActivity.java:12: error: package android.widget does not exist
import android.widget.TableLayout;
                     ^
.\jimjams\airmonitor\MainActivity.java:13: error: package android.widget does not exist
import android.widget.TableRow;
                     ^
.\jimjams\airmonitor\MainActivity.java:14: error: package android.widget does not exist
import android.widget.TextView;
                     ^
.\jimjams\airmonitor\MainActivity.java:22: error: cannot find symbol
public class MainActivity extends ActionBarActivity {
                                  ^
  symbol: class ActionBarActivity
.\jimjams\airmonitor\MainActivity.java:25: error: cannot find symbol
   protected void onCreate(Bundle savedInstanceState) {
                           ^
  symbol:   class Bundle
  location: class MainActivity
.\jimjams\airmonitor\MainActivity.java:32: error: cannot find symbol
   public boolean onCreateOptionsMenu(Menu menu) {
                                      ^
  symbol:   class Menu
  location: class MainActivity
.\jimjams\airmonitor\MainActivity.java:39: error: cannot find symbol
   public boolean onOptionsItemSelected(MenuItem item) {
                                        ^
  symbol:   class MenuItem
  location: class MainActivity
.\jimjams\airmonitor\MainActivity.java:99: error: cannot find symbol
   public void on_MainScreen_EMA_button_Click(View emaBtn) {
                                              ^
  symbol:   class View
  location: class MainActivity
.\jimjams\airmonitor\MainActivity.java:108: error: cannot find symbol
   public void on_MainScreen_refresh_button_Click(View rfrshBtn) {
                                                  ^
  symbol:   class View
  location: class MainActivity
.\jimjams\airmonitor\database\AMDBContract.java:3: error: package android.provider does not exist
import android.provider.BaseColumns;
                       ^
.\jimjams\airmonitor\database\AMDBContract.java:54: error: cannot find symbol
   public static final class ProfileTable implements BaseColumns {
                                                     ^
  symbol:   class BaseColumns
  location: interface AMDBContract
.\jimjams\airmonitor\database\AMDBContract.java:100: error: cannot find symbol
   public static final class EMATable implements BaseColumns {
                                                 ^
  symbol:   class BaseColumns
  location: interface AMDBContract
.\jimjams\airmonitor\database\AMDBContract.java:146: error: cannot find symbol
   public static final class SnapshotTable implements BaseColumns {
                                                      ^
  symbol:   class BaseColumns
  location: interface AMDBContract
.\jimjams\airmonitor\database\AMDBContract.java:184: error: cannot find symbol
   public static final class SensorDataTable implements BaseColumns {
                                                        ^
  symbol:   class BaseColumns
  location: interface AMDBContract
.\jimjams\airmonitor\database\AMDBHelper.java:3: error: package android.content does not exist
import android.content.Context;
                      ^
.\jimjams\airmonitor\database\AMDBHelper.java:4: error: package android.database.sqlite does not exist
import android.database.sqlite.SQLiteDatabase;
                              ^
.\jimjams\airmonitor\database\AMDBHelper.java:5: error: package android.database.sqlite does not exist
import android.database.sqlite.SQLiteOpenHelper;
                              ^
.\jimjams\airmonitor\database\AMDBHelper.java:11: error: cannot find symbol
public class AMDBHelper extends SQLiteOpenHelper implements AMDBContract {
                                ^
  symbol: class SQLiteOpenHelper
.\jimjams\airmonitor\database\AMDBHelper.java:13: error: cannot find symbol
   public AMDBHelper(Context context) {
                     ^
  symbol:   class Context
  location: class AMDBHelper
.\jimjams\airmonitor\database\AMDBHelper.java:18: error: cannot find symbol
   public void onCreate(SQLiteDatabase db) {
                        ^
  symbol:   class SQLiteDatabase
  location: class AMDBHelper
.\jimjams\airmonitor\database\AMDBHelper.java:23: error: cannot find symbol
   public void onUpgrade(SQLiteDatabase db, int oldVersion, int newVersion) {
                         ^
  symbol:   class SQLiteDatabase
  location: class AMDBHelper
.\jimjams\airmonitor\database\AMDBHelper.java:27: error: cannot find symbol
   public void onOpen(SQLiteDatabase db) {
                      ^
  symbol:   class SQLiteDatabase
  location: class AMDBHelper
.\jimjams\airmonitor\database\DBAccess.java:3: error: package android.database.sqlite does not exist
import android.database.sqlite.SQLiteDatabase;
                              ^
.\jimjams\airmonitor\database\DBAccess.java:4: error: package android.util does not exist
import android.util.Log;
                   ^
.\jimjams\airmonitor\datastructure\Profile.java:3: error: package android.util does not exist
import android.util.Log;
                   ^
.\jimjams\airmonitor\datastructure\Snapshot.java:3: error: package android.content does not exist
import android.content.Context;
                      ^
.\jimjams\airmonitor\datastructure\Snapshot.java:4: error: package android.location does not exist
import android.location.Location;
                       ^
.\jimjams\airmonitor\datastructure\Snapshot.java:5: error: package android.location does not exist
import android.location.LocationManager;
                       ^
.\jimjams\airmonitor\datastructure\Snapshot.java:6: error: package android.util does not exist
import android.util.Log;
                   ^
.\jimjams\airmonitor\datastructure\Snapshot.java:31: error: cannot find symbol
   private Location location;
           ^
  symbol:   class Location
  location: class Snapshot
.\jimjams\airmonitor\datastructure\Snapshot.java:57: error: cannot find symbol
                   EcologicalMomentaryAssessment ema, Context context) {
                                                      ^
  symbol:   class Context
  location: class Snapshot
.\jimjams\airmonitor\datastructure\Snapshot.java:107: error: cannot find symbol
   public Location getLocation() {
          ^
  symbol:   class Location
  location: class Snapshot
[search path for source files: .,C:\jing\jing-20081028\bin]
[search path for class files: C:\Program Files\Java\jdk1.8.0_05\jre\lib\resources.jar,C:\Program Files\Java\jdk1.8.0_05\jre\lib\rt.jar,C:\Program Files\Java\jdk1.8.0_05\jre\lib\sunrsasign.jar,C:\Program Files\Java\jdk1.8.0_05\jre\lib\jsse.jar,C:\Program Files\Java\jdk1.8.0_05\jre\lib\jce.jar,C:\Program Files\Java\jdk1.8.0_05\jre\lib\charsets.jar,C:\Program Files\Java\jdk1.8.0_05\jre\lib\jfr.jar,C:\Program Files\Java\jdk1.8.0_05\jre\classes,C:\Program Files\Java\jdk1.8.0_05\jre\lib\ext\access-bridge-64.jar,C:\Program Files\Java\jdk1.8.0_05\jre\lib\ext\cldrdata.jar,C:\Program Files\Java\jdk1.8.0_05\jre\lib\ext\dnsns.jar,C:\Program Files\Java\jdk1.8.0_05\jre\lib\ext\jaccess.jar,C:\Program Files\Java\jdk1.8.0_05\jre\lib\ext\jfxrt.jar,C:\Program Files\Java\jdk1.8.0_05\jre\lib\ext\localedata.jar,C:\Program Files\Java\jdk1.8.0_05\jre\lib\ext\nashorn.jar,C:\Program Files\Java\jdk1.8.0_05\jre\lib\ext\sunec.jar,C:\Program Files\Java\jdk1.8.0_05\jre\lib\ext\sunjce_provider.jar,C:\Program Files\Java\jdk1.8.0_05\jre\lib\ext\sunmscapi.jar,C:\Program Files\Java\jdk1.8.0_05\jre\lib\ext\sunpkcs11.jar,C:\Program Files\Java\jdk1.8.0_05\jre\lib\ext\zipfs.jar,.,C:\jing\jing-20081028\bin]
[loading ZipFileIndexFileObject[C:\Program Files\Java\jdk1.8.0_05\jre\lib\rt.jar(java/util/ArrayList.class)]]
[loading ZipFileIndexFileObject[C:\Program Files\Java\jdk1.8.0_05\jre\lib\rt.jar(java/util/Arrays.class)]]
[loading ZipFileIndexFileObject[C:\Program Files\Java\jdk1.8.0_05\jre\lib\rt.jar(java/lang/String.class)]]
[loading ZipFileIndexFileObject[C:\Program Files\Java\jdk1.8.0_05\jre\lib\rt.jar(java/lang/Object.class)]]
[loading ZipFileIndexFileObject[C:\Program Files\Java\jdk1.8.0_05\jre\lib\rt.jar(java/io/File.class)]]
[loading ZipFileIndexFileObject[C:\Program Files\Java\jdk1.8.0_05\jre\lib\rt.jar(java/util/Date.class)]]
[loading ZipFileIndexFileObject[C:\Program Files\Java\jdk1.8.0_05\jre\lib\rt.jar(java/util/List.class)]]
[loading ZipFileIndexFileObject[C:\Program Files\Java\jdk1.8.0_05\jre\lib\rt.jar(java/text/DecimalFormat.class)]]
[loading ZipFileIndexFileObject[C:\Program Files\Java\jdk1.8.0_05\jre\lib\rt.jar(java/lang/Override.class)]]
[loading ZipFileIndexFileObject[C:\Program Files\Java\jdk1.8.0_05\jre\lib\rt.jar(java/lang/annotation/Annotation.class)]]
[loading ZipFileIndexFileObject[C:\Program Files\Java\jdk1.8.0_05\jre\lib\rt.jar(java/lang/annotation/Target.class)]]
[loading ZipFileIndexFileObject[C:\Program Files\Java\jdk1.8.0_05\jre\lib\rt.jar(java/lang/annotation/ElementType.class)]]
[loading ZipFileIndexFileObject[C:\Program Files\Java\jdk1.8.0_05\jre\lib\rt.jar(java/lang/annotation/Retention.class)]]
[loading ZipFileIndexFileObject[C:\Program Files\Java\jdk1.8.0_05\jre\lib\rt.jar(java/lang/annotation/RetentionPolicy.class)]]
[loading ZipFileIndexFileObject[C:\Program Files\Java\jdk1.8.0_05\jre\lib\rt.jar(java/lang/Error.class)]]
[loading ZipFileIndexFileObject[C:\Program Files\Java\jdk1.8.0_05\jre\lib\rt.jar(java/lang/RuntimeException.class)]]
[loading ZipFileIndexFileObject[C:\Program Files\Java\jdk1.8.0_05\jre\lib\rt.jar(java/lang/Throwable.class)]]
[loading ZipFileIndexFileObject[C:\Program Files\Java\jdk1.8.0_05\jre\lib\rt.jar(java/lang/Void.class)]]
Standard Doclet version 1.8.0_05
Building tree for all the packages and classes...
Generating C:\android\projects\AirMonitor\doc\jimjams\airmonitor\EMAScreenActivity.html...
.\jimjams\airmonitor\EMAScreenActivity.java:189: warning: no @param for str
   private static String normalize(String str) {
                         ^
Generating C:\android\projects\AirMonitor\doc\jimjams\airmonitor\EMAScreenActivity.DeleteButton.html...
Generating C:\android\projects\AirMonitor\doc\jimjams\airmonitor\EMAScreenActivity.DeleteButtonListener.html...
[loading ZipFileIndexFileObject[C:\Program Files\Java\jdk1.8.0_05\jre\lib\rt.jar(java/io/Serializable.class)]]
Generating C:\android\projects\AirMonitor\doc\jimjams\airmonitor\MainActivity.html...
Generating C:\android\projects\AirMonitor\doc\jimjams\airmonitor\database\AMDBContract.html...
Generating C:\android\projects\AirMonitor\doc\jimjams\airmonitor\database\AMDBContract.EMATable.html...
Generating C:\android\projects\AirMonitor\doc\jimjams\airmonitor\database\AMDBContract.ProfileTable.html...
Generating C:\android\projects\AirMonitor\doc\jimjams\airmonitor\database\AMDBContract.SensorDataTable.html...
Generating C:\android\projects\AirMonitor\doc\jimjams\airmonitor\database\AMDBContract.SnapshotTable.html...
Generating C:\android\projects\AirMonitor\doc\jimjams\airmonitor\database\AMDBHelper.html...
Generating C:\android\projects\AirMonitor\doc\jimjams\airmonitor\database\DBAccess.html...
Generating C:\android\projects\AirMonitor\doc\jimjams\airmonitor\datastructure\EcologicalMomentaryAssessment.html...
Generating C:\android\projects\AirMonitor\doc\jimjams\airmonitor\datastructure\ExistingCondition.html...
Generating C:\android\projects\AirMonitor\doc\jimjams\airmonitor\datastructure\Profile.html...
Generating C:\android\projects\AirMonitor\doc\jimjams\airmonitor\datastructure\Snapshot.html...
Generating C:\android\projects\AirMonitor\doc\jimjams\airmonitor\sensordata\SensorData.html...
Generating C:\android\projects\AirMonitor\doc\jimjams\airmonitor\sensordata\SensorDataGenerator.html...
.\jimjams\airmonitor\sensordata\SensorDataGenerator.java:23: warning - Tag @link: missing '#': "getData()"
Generating C:\android\projects\AirMonitor\doc\jimjams\airmonitor\sensordata\SensorDataGenerator.DataCategory.html...
Generating C:\android\projects\AirMonitor\doc\overview-frame.html...
Generating C:\android\projects\AirMonitor\doc\jimjams\airmonitor\package-frame.html...
Generating C:\android\projects\AirMonitor\doc\jimjams\airmonitor\package-summary.html...
Generating C:\android\projects\AirMonitor\doc\jimjams\airmonitor\package-tree.html...
Generating C:\android\projects\AirMonitor\doc\jimjams\airmonitor\database\package-frame.html...
Generating C:\android\projects\AirMonitor\doc\jimjams\airmonitor\database\package-summary.html...
Generating C:\android\projects\AirMonitor\doc\jimjams\airmonitor\database\package-tree.html...
Generating C:\android\projects\AirMonitor\doc\jimjams\airmonitor\datastructure\package-frame.html...
Generating C:\android\projects\AirMonitor\doc\jimjams\airmonitor\datastructure\package-summary.html...
Generating C:\android\projects\AirMonitor\doc\jimjams\airmonitor\datastructure\package-tree.html...
Generating C:\android\projects\AirMonitor\doc\jimjams\airmonitor\sensordata\package-frame.html...
Generating C:\android\projects\AirMonitor\doc\jimjams\airmonitor\sensordata\package-summary.html...
Generating C:\android\projects\AirMonitor\doc\jimjams\airmonitor\sensordata\package-tree.html...
Generating C:\android\projects\AirMonitor\doc\constant-values.html...
Building index for all the packages and classes...
Generating C:\android\projects\AirMonitor\doc\overview-tree.html...
Generating C:\android\projects\AirMonitor\doc\index-all.html...
Generating C:\android\projects\AirMonitor\doc\deprecated-list.html...
Building index for all classes...
Generating C:\android\projects\AirMonitor\doc\allclasses-frame.html...
Generating C:\android\projects\AirMonitor\doc\allclasses-noframe.html...
Generating C:\android\projects\AirMonitor\doc\index.html...
Generating C:\android\projects\AirMonitor\doc\overview-summary.html...
Generating C:\android\projects\AirMonitor\doc\help-doc.html...
[done in 2733 ms]
69 warnings
